2026-02-23 18:21:17,087 - INFO - Fetching download queue for manga 85d59a71-19ce-4d7a-9890-0edc3a20120e...
2026-02-23 18:21:17,088 - INFO - Buscando lista completa de capítulos na API...
2026-02-23 18:21:17,600 - INFO - Fetched 100 chapters (offset: 0)
2026-02-23 18:21:18,073 - INFO - Fetched 39 chapters (offset: 100)
2026-02-23 18:21:18,073 - INFO - Total chapters fetched: 139
2026-02-23 18:21:18,074 - INFO - Download queue created with 139 chapters (best versions selected)
2026-02-23 18:21:18,074 - INFO - Fetching download queue for manga 85d59a71-19ce-4d7a-9890-0edc3a20120e...
2026-02-23 18:21:18,074 - INFO - Buscando lista completa de capítulos na API...
2026-02-23 18:21:18,216 - INFO - Fetched 100 chapters (offset: 0)
2026-02-23 18:21:18,345 - INFO - Fetched 39 chapters (offset: 100)
2026-02-23 18:21:18,345 - INFO - Total chapters fetched: 139
2026-02-23 18:21:18,345 - INFO - Download queue created with 139 chapters (best versions selected)
2026-02-23 18:24:03,914 - INFO - Processing folder with 150 images: Volume_01
2026-02-23 18:24:03,914 - INFO - Starting AI upscaling for Volume_01...
2026-02-23 18:24:03,955 - ERROR - ✗ AI upscaling failed for Volume_01: Command '['python', 'waifu2x_batch_processor.py', 'downloads/Tenjou Tenge/Volume_01', '-o', 'upscaled_temp/Tenjou Tenge/Volume_01', '-n', '2', '-s', '2']' returned non-zero exit status 1.
2026-02-23 18:24:03,956 - ERROR - Error output: Error: waifu2x executable returned error: 

2026-02-23 18:24:03,956 - INFO - Starting export for Volume_01...
2026-02-23 18:24:03,961 - INFO - Creating PDF: exports/Tenjou Tenge - Volume_01.pdf with 150 pages...
2026-02-23 18:24:06,137 - INFO - ✓ PDF export completed: Tenjou Tenge - Volume_01.pdf
2026-02-23 18:24:06,138 - INFO - ✓ Export completed for Volume_01
2026-02-23 18:26:08,060 - INFO - Processing folder with 161 images: Volume_02
2026-02-23 18:26:08,060 - INFO - Starting AI upscaling for Volume_02...
2026-02-23 18:26:08,094 - ERROR - ✗ AI upscaling failed for Volume_02: Command '['python', 'waifu2x_batch_processor.py', 'downloads/Tenjou Tenge/Volume_02', '-o', 'upscaled_temp/Tenjou Tenge/Volume_02', '-n', '2', '-s', '2']' returned non-zero exit status 1.
2026-02-23 18:26:08,094 - ERROR - Error output: Error: waifu2x executable returned error: 

2026-02-23 18:26:08,094 - INFO - Starting export for Volume_02...
2026-02-23 18:26:08,100 - INFO - Creating PDF: exports/Tenjou Tenge - Volume_02.pdf with 161 pages...
2026-02-23 18:26:10,039 - INFO - ✓ PDF export completed: Tenjou Tenge - Volume_02.pdf
2026-02-23 18:26:10,039 - INFO - ✓ Export completed for Volume_02
2026-02-23 18:28:28,301 - INFO - Processing folder with 179 images: Volume_03
2026-02-23 18:28:28,301 - INFO - Starting AI upscaling for Volume_03...
2026-02-23 18:28:28,335 - ERROR - ✗ AI upscaling failed for Volume_03: Command '['python', 'waifu2x_batch_processor.py', 'downloads/Tenjou Tenge/Volume_03', '-o', 'upscaled_temp/Tenjou Tenge/Volume_03', '-n', '2', '-s', '2']' returned non-zero exit status 1.
2026-02-23 18:28:28,336 - ERROR - Error output: Error: waifu2x executable returned error: 

2026-02-23 18:28:28,336 - INFO - Starting export for Volume_03...
2026-02-23 18:28:28,342 - INFO - Creating PDF: exports/Tenjou Tenge - Volume_03.pdf with 179 pages...
2026-02-23 18:28:30,558 - INFO - ✓ PDF export completed: Tenjou Tenge - Volume_03.pdf
2026-02-23 18:28:30,558 - INFO - ✓ Export completed for Volume_03
2026-02-23 18:30:49,729 - INFO - Processing folder with 201 images: Volume_04
2026-02-23 18:30:49,729 - INFO - Starting AI upscaling for Volume_04...
2026-02-23 18:30:49,763 - ERROR - ✗ AI upscaling failed for Volume_04: Command '['python', 'waifu2x_batch_processor.py', 'downloads/Tenjou Tenge/Volume_04', '-o', 'upscaled_temp/Tenjou Tenge/Volume_04', '-n', '2', '-s', '2']' returned non-zero exit status 1.
2026-02-23 18:30:49,763 - ERROR - Error output: Error: waifu2x executable returned error: 

2026-02-23 18:30:49,763 - INFO - Starting export for Volume_04...
2026-02-23 18:30:49,770 - INFO - Creating PDF: exports/Tenjou Tenge - Volume_04.pdf with 201 pages...
2026-02-23 18:30:52,325 - INFO - ✓ PDF export completed: Tenjou Tenge - Volume_04.pdf
2026-02-23 18:30:52,325 - INFO - ✓ Export completed for Volume_04
2026-02-23 18:33:11,011 - INFO - Processing folder with 200 images: Volume_05
2026-02-23 18:33:11,012 - INFO - Starting AI upscaling for Volume_05...
2026-02-23 18:33:11,045 - ERROR - ✗ AI upscaling failed for Volume_05: Command '['python', 'waifu2x_batch_processor.py', 'downloads/Tenjou Tenge/Volume_05', '-o', 'upscaled_temp/Tenjou Tenge/Volume_05', '-n', '2', '-s', '2']' returned non-zero exit status 1.
2026-02-23 18:33:11,046 - ERROR - Error output: Error: waifu2x executable returned error: 

2026-02-23 18:33:11,046 - INFO - Starting export for Volume_05...
2026-02-23 18:33:11,052 - INFO - Creating PDF: exports/Tenjou Tenge - Volume_05.pdf with 200 pages...
2026-02-23 18:33:13,551 - INFO - ✓ PDF export completed: Tenjou Tenge - Volume_05.pdf
2026-02-23 18:33:13,552 - INFO - ✓ Export completed for Volume_05
2026-02-23 18:35:14,857 - INFO - Processing folder with 182 images: Volume_06
2026-02-23 18:35:14,857 - INFO - Starting AI upscaling for Volume_06...
2026-02-23 18:35:14,890 - ERROR - ✗ AI upscaling failed for Volume_06: Command '['python', 'waifu2x_batch_processor.py', 'downloads/Tenjou Tenge/Volume_06', '-o', 'upscaled_temp/Tenjou Tenge/Volume_06', '-n', '2', '-s', '2']' returned non-zero exit status 1.
2026-02-23 18:35:14,890 - ERROR - Error output: Error: waifu2x executable returned error: 

2026-02-23 18:35:14,890 - INFO - Starting export for Volume_06...
2026-02-23 18:35:14,897 - INFO - Creating PDF: exports/Tenjou Tenge - Volume_06.pdf with 182 pages...
2026-02-23 18:35:17,267 - INFO - ✓ PDF export completed: Tenjou Tenge - Volume_06.pdf
2026-02-23 18:35:17,267 - INFO - ✓ Export completed for Volume_06
2026-02-23 18:37:21,592 - INFO - Processing folder with 209 images: Volume_07
2026-02-23 18:37:21,592 - INFO - Starting AI upscaling for Volume_07...
2026-02-23 18:37:21,626 - ERROR - ✗ AI upscaling failed for Volume_07: Command '['python', 'waifu2x_batch_processor.py', 'downloads/Tenjou Tenge/Volume_07', '-o', 'upscaled_temp/Tenjou Tenge/Volume_07', '-n', '2', '-s', '2']' returned non-zero exit status 1.
2026-02-23 18:37:21,626 - ERROR - Error output: Error: waifu2x executable returned error: 

2026-02-23 18:37:21,626 - INFO - Starting export for Volume_07...
2026-02-23 18:37:21,634 - INFO - Creating PDF: exports/Tenjou Tenge - Volume_07.pdf with 209 pages...
2026-02-23 18:37:23,880 - INFO - ✓ PDF export completed: Tenjou Tenge - Volume_07.pdf
2026-02-23 18:37:23,880 - INFO - ✓ Export completed for Volume_07
2026-02-23 18:39:20,064 - INFO - Processing folder with 179 images: Volume_08
2026-02-23 18:39:20,064 - INFO - Starting AI upscaling for Volume_08...
2026-02-23 18:39:20,098 - ERROR - ✗ AI upscaling failed for Volume_08: Command '['python', 'waifu2x_batch_processor.py', 'downloads/Tenjou Tenge/Volume_08', '-o', 'upscaled_temp/Tenjou Tenge/Volume_08', '-n', '2', '-s', '2']' returned non-zero exit status 1.
2026-02-23 18:39:20,098 - ERROR - Error output: Error: waifu2x executable returned error: 

2026-02-23 18:39:20,098 - INFO - Starting export for Volume_08...
2026-02-23 18:39:20,104 - INFO - Creating PDF: exports/Tenjou Tenge - Volume_08.pdf with 179 pages...
2026-02-23 18:39:22,302 - INFO - ✓ PDF export completed: Tenjou Tenge - Volume_08.pdf
2026-02-23 18:39:22,307 - INFO - ✓ Export completed for Volume_08
2026-02-23 18:41:32,170 - INFO - Processing folder with 183 images: Volume_09
2026-02-23 18:41:32,170 - INFO - Starting AI upscaling for Volume_09...
2026-02-23 18:41:32,205 - ERROR - ✗ AI upscaling failed for Volume_09: Command '['python', 'waifu2x_batch_processor.py', 'downloads/Tenjou Tenge/Volume_09', '-o', 'upscaled_temp/Tenjou Tenge/Volume_09', '-n', '2', '-s', '2']' returned non-zero exit status 1.
2026-02-23 18:41:32,205 - ERROR - Error output: Error: waifu2x executable returned error: 

2026-02-23 18:41:32,205 - INFO - Starting export for Volume_09...
2026-02-23 18:41:32,211 - INFO - Creating PDF: exports/Tenjou Tenge - Volume_09.pdf with 183 pages...
2026-02-23 18:41:34,828 - INFO - ✓ PDF export completed: Tenjou Tenge - Volume_09.pdf
2026-02-23 18:41:34,828 - INFO - ✓ Export completed for Volume_09
2026-02-23 18:43:42,606 - INFO - Processing folder with 174 images: Volume_10
2026-02-23 18:43:42,606 - INFO - Starting AI upscaling for Volume_10...
2026-02-23 18:43:42,640 - ERROR - ✗ AI upscaling failed for Volume_10: Command '['python', 'waifu2x_batch_processor.py', 'downloads/Tenjou Tenge/Volume_10', '-o', 'upscaled_temp/Tenjou Tenge/Volume_10', '-n', '2', '-s', '2']' returned non-zero exit status 1.
2026-02-23 18:43:42,640 - ERROR - Error output: Error: waifu2x executable returned error: 

2026-02-23 18:43:42,640 - INFO - Starting export for Volume_10...
2026-02-23 18:43:42,646 - INFO - Creating PDF: exports/Tenjou Tenge - Volume_10.pdf with 174 pages...
2026-02-23 18:43:45,062 - INFO - ✓ PDF export completed: Tenjou Tenge - Volume_10.pdf
2026-02-23 18:43:45,062 - INFO - ✓ Export completed for Volume_10
2026-02-23 18:45:43,040 - INFO - Processing folder with 158 images: Volume_11
2026-02-23 18:45:43,040 - INFO - Starting AI upscaling for Volume_11...
2026-02-23 18:45:43,075 - ERROR - ✗ AI upscaling failed for Volume_11: Command '['python', 'waifu2x_batch_processor.py', 'downloads/Tenjou Tenge/Volume_11', '-o', 'upscaled_temp/Tenjou Tenge/Volume_11', '-n', '2', '-s', '2']' returned non-zero exit status 1.
2026-02-23 18:45:43,075 - ERROR - Error output: Error: waifu2x executable returned error: 

2026-02-23 18:45:43,075 - INFO - Starting export for Volume_11...
2026-02-23 18:45:43,080 - INFO - Creating PDF: exports/Tenjou Tenge - Volume_11.pdf with 158 pages...
2026-02-23 18:45:45,019 - INFO - ✓ PDF export completed: Tenjou Tenge - Volume_11.pdf
2026-02-23 18:45:45,019 - INFO - ✓ Export completed for Volume_11
2026-02-23 18:47:52,396 - INFO - Processing folder with 161 images: Volume_12
2026-02-23 18:47:52,396 - INFO - Starting AI upscaling for Volume_12...
2026-02-23 18:47:52,430 - ERROR - ✗ AI upscaling failed for Volume_12: Command '['python', 'waifu2x_batch_processor.py', 'downloads/Tenjou Tenge/Volume_12', '-o', 'upscaled_temp/Tenjou Tenge/Volume_12', '-n', '2', '-s', '2']' returned non-zero exit status 1.
2026-02-23 18:47:52,430 - ERROR - Error output: Error: waifu2x executable returned error: 

2026-02-23 18:47:52,430 - INFO - Starting export for Volume_12...
2026-02-23 18:47:52,435 - INFO - Creating PDF: exports/Tenjou Tenge - Volume_12.pdf with 161 pages...
2026-02-23 18:47:54,081 - INFO - ✓ PDF export completed: Tenjou Tenge - Volume_12.pdf
2026-02-23 18:47:54,081 - INFO - ✓ Export completed for Volume_12
2026-02-23 18:49:53,599 - INFO - Processing folder with 169 images: Volume_13
2026-02-23 18:49:53,599 - INFO - Starting AI upscaling for Volume_13...
2026-02-23 18:49:53,633 - ERROR - ✗ AI upscaling failed for Volume_13: Command '['python', 'waifu2x_batch_processor.py', 'downloads/Tenjou Tenge/Volume_13', '-o', 'upscaled_temp/Tenjou Tenge/Volume_13', '-n', '2', '-s', '2']' returned non-zero exit status 1.
2026-02-23 18:49:53,633 - ERROR - Error output: Error: waifu2x executable returned error: 

2026-02-23 18:49:53,633 - INFO - Starting export for Volume_13...
2026-02-23 18:49:53,639 - INFO - Creating PDF: exports/Tenjou Tenge - Volume_13.pdf with 169 pages...
2026-02-23 18:49:55,446 - INFO - ✓ PDF export completed: Tenjou Tenge - Volume_13.pdf
2026-02-23 18:49:55,446 - INFO - ✓ Export completed for Volume_13
2026-02-23 18:51:58,356 - INFO - Processing folder with 181 images: Volume_14
2026-02-23 18:51:58,356 - INFO - Starting AI upscaling for Volume_14...
2026-02-23 18:51:58,390 - ERROR - ✗ AI upscaling failed for Volume_14: Command '['python', 'waifu2x_batch_processor.py', 'downloads/Tenjou Tenge/Volume_14', '-o', 'upscaled_temp/Tenjou Tenge/Volume_14', '-n', '2', '-s', '2']' returned non-zero exit status 1.
2026-02-23 18:51:58,390 - ERROR - Error output: Error: waifu2x executable returned error: 

2026-02-23 18:51:58,390 - INFO - Starting export for Volume_14...
2026-02-23 18:51:58,397 - INFO - Creating PDF: exports/Tenjou Tenge - Volume_14.pdf with 181 pages...
2026-02-23 18:52:00,186 - INFO - ✓ PDF export completed: Tenjou Tenge - Volume_14.pdf
2026-02-23 18:52:00,189 - INFO - ✓ Export completed for Volume_14
2026-02-23 18:54:02,787 - INFO - Processing folder with 172 images: Volume_15
2026-02-23 18:54:02,787 - INFO - Starting AI upscaling for Volume_15...
2026-02-23 18:54:02,821 - ERROR - ✗ AI upscaling failed for Volume_15: Command '['python', 'waifu2x_batch_processor.py', 'downloads/Tenjou Tenge/Volume_15', '-o', 'upscaled_temp/Tenjou Tenge/Volume_15', '-n', '2', '-s', '2']' returned non-zero exit status 1.
2026-02-23 18:54:02,821 - ERROR - Error output: Error: waifu2x executable returned error: 

2026-02-23 18:54:02,821 - INFO - Starting export for Volume_15...
2026-02-23 18:54:02,827 - INFO - Creating PDF: exports/Tenjou Tenge - Volume_15.pdf with 172 pages...
2026-02-23 18:54:04,581 - INFO - ✓ PDF export completed: Tenjou Tenge - Volume_15.pdf
2026-02-23 18:54:04,582 - INFO - ✓ Export completed for Volume_15
2026-02-23 18:56:01,527 - INFO - Processing folder with 155 images: Volume_16
2026-02-23 18:56:01,527 - INFO - Starting AI upscaling for Volume_16...
2026-02-23 18:56:01,560 - ERROR - ✗ AI upscaling failed for Volume_16: Command '['python', 'waifu2x_batch_processor.py', 'downloads/Tenjou Tenge/Volume_16', '-o', 'upscaled_temp/Tenjou Tenge/Volume_16', '-n', '2', '-s', '2']' returned non-zero exit status 1.
2026-02-23 18:56:01,560 - ERROR - Error output: Error: waifu2x executable returned error: 

2026-02-23 18:56:01,560 - INFO - Starting export for Volume_16...
2026-02-23 18:56:01,565 - INFO - Creating PDF: exports/Tenjou Tenge - Volume_16.pdf with 155 pages...
2026-02-23 18:56:03,018 - INFO - ✓ PDF export completed: Tenjou Tenge - Volume_16.pdf
2026-02-23 18:56:03,018 - INFO - ✓ Export completed for Volume_16
2026-02-23 18:58:04,906 - INFO - Processing folder with 174 images: Volume_17
2026-02-23 18:58:04,906 - INFO - Starting AI upscaling for Volume_17...
2026-02-23 18:58:04,941 - ERROR - ✗ AI upscaling failed for Volume_17: Command '['python', 'waifu2x_batch_processor.py', 'downloads/Tenjou Tenge/Volume_17', '-o', 'upscaled_temp/Tenjou Tenge/Volume_17', '-n', '2', '-s', '2']' returned non-zero exit status 1.
2026-02-23 18:58:04,941 - ERROR - Error output: Error: waifu2x executable returned error: 

2026-02-23 18:58:04,941 - INFO - Starting export for Volume_17...
2026-02-23 18:58:04,947 - INFO - Creating PDF: exports/Tenjou Tenge - Volume_17.pdf with 174 pages...
2026-02-23 18:58:06,587 - INFO - ✓ PDF export completed: Tenjou Tenge - Volume_17.pdf
2026-02-23 18:58:06,587 - INFO - ✓ Export completed for Volume_17
2026-02-23 19:00:09,001 - INFO - Processing folder with 183 images: Volume_18
2026-02-23 19:00:09,001 - INFO - Starting AI upscaling for Volume_18...
2026-02-23 19:00:09,035 - ERROR - ✗ AI upscaling failed for Volume_18: Command '['python', 'waifu2x_batch_processor.py', 'downloads/Tenjou Tenge/Volume_18', '-o', 'upscaled_temp/Tenjou Tenge/Volume_18', '-n', '2', '-s', '2']' returned non-zero exit status 1.
2026-02-23 19:00:09,036 - ERROR - Error output: Error: waifu2x executable returned error: 

2026-02-23 19:00:09,036 - INFO - Starting export for Volume_18...
2026-02-23 19:00:09,042 - INFO - Creating PDF: exports/Tenjou Tenge - Volume_18.pdf with 183 pages...
2026-02-23 19:00:10,510 - INFO - ✓ PDF export completed: Tenjou Tenge - Volume_18.pdf
2026-02-23 19:00:10,510 - INFO - ✓ Export completed for Volume_18
2026-02-23 19:02:09,982 - INFO - Processing folder with 160 images: Volume_19
2026-02-23 19:02:09,982 - INFO - Starting AI upscaling for Volume_19...
2026-02-23 19:02:10,016 - ERROR - ✗ AI upscaling failed for Volume_19: Command '['python', 'waifu2x_batch_processor.py', 'downloads/Tenjou Tenge/Volume_19', '-o', 'upscaled_temp/Tenjou Tenge/Volume_19', '-n', '2', '-s', '2']' returned non-zero exit status 1.
2026-02-23 19:02:10,016 - ERROR - Error output: Error: waifu2x executable returned error: 

2026-02-23 19:02:10,016 - INFO - Starting export for Volume_19...
2026-02-23 19:02:10,022 - INFO - Creating PDF: exports/Tenjou Tenge - Volume_19.pdf with 160 pages...
2026-02-23 19:02:11,452 - INFO - ✓ PDF export completed: Tenjou Tenge - Volume_19.pdf
2026-02-23 19:02:11,452 - INFO - ✓ Export completed for Volume_19
2026-02-23 19:04:09,158 - INFO - Processing folder with 191 images: Volume_20
2026-02-23 19:04:09,158 - INFO - Starting AI upscaling for Volume_20...
2026-02-23 19:04:09,192 - ERROR - ✗ AI upscaling failed for Volume_20: Command '['python', 'waifu2x_batch_processor.py', 'downloads/Tenjou Tenge/Volume_20', '-o', 'upscaled_temp/Tenjou Tenge/Volume_20', '-n', '2', '-s', '2']' returned non-zero exit status 1.
2026-02-23 19:04:09,192 - ERROR - Error output: Error: waifu2x executable returned error: 

2026-02-23 19:04:09,192 - INFO - Starting export for Volume_20...
2026-02-23 19:04:09,199 - INFO - Creating PDF: exports/Tenjou Tenge - Volume_20.pdf with 191 pages...
2026-02-23 19:04:10,888 - INFO - ✓ PDF export completed: Tenjou Tenge - Volume_20.pdf
2026-02-23 19:04:10,888 - INFO - ✓ Export completed for Volume_20
2026-02-23 19:06:07,175 - INFO - Processing folder with 171 images: Volume_21
2026-02-23 19:06:07,176 - INFO - Starting AI upscaling for Volume_21...
2026-02-23 19:06:07,210 - ERROR - ✗ AI upscaling failed for Volume_21: Command '['python', 'waifu2x_batch_processor.py', 'downloads/Tenjou Tenge/Volume_21', '-o', 'upscaled_temp/Tenjou Tenge/Volume_21', '-n', '2', '-s', '2']' returned non-zero exit status 1.
2026-02-23 19:06:07,210 - ERROR - Error output: Error: waifu2x executable returned error: 

2026-02-23 19:06:07,210 - INFO - Starting export for Volume_21...
2026-02-23 19:06:07,216 - INFO - Creating PDF: exports/Tenjou Tenge - Volume_21.pdf with 171 pages...
2026-02-23 19:06:09,225 - INFO - ✓ PDF export completed: Tenjou Tenge - Volume_21.pdf
2026-02-23 19:06:09,225 - INFO - ✓ Export completed for Volume_21
2026-02-23 19:09:27,707 - INFO - Processing folder with 264 images: Volume_22
2026-02-23 19:09:27,707 - INFO - Starting AI upscaling for Volume_22...
2026-02-23 19:09:27,740 - ERROR - ✗ AI upscaling failed for Volume_22: Command '['python', 'waifu2x_batch_processor.py', 'downloads/Tenjou Tenge/Volume_22', '-o', 'upscaled_temp/Tenjou Tenge/Volume_22', '-n', '2', '-s', '2']' returned non-zero exit status 1.
2026-02-23 19:09:27,740 - ERROR - Error output: Error: waifu2x executable returned error: 

2026-02-23 19:09:27,740 - INFO - Starting export for Volume_22...
2026-02-23 19:09:27,751 - INFO - Creating PDF: exports/Tenjou Tenge - Volume_22.pdf with 264 pages...
2026-02-23 19:09:30,512 - INFO - ✓ PDF export completed: Tenjou Tenge - Volume_22.pdf
2026-02-23 19:09:30,512 - INFO - ✓ Export completed for Volume_22
